<?xml version="1.0" encoding="UTF-8"?>
<!-- Generated by org.testng.reporters.JUnitReportReporter -->
<testsuite hostname="DESKTOP-TL25OI3" failures="0" tests="1" name="elementsActions.LongClickAction" time="18.378" errors="0" timestamp="2024-10-27T22:02:24 IST" skipped="0">
  <testcase classname="elementsActions.LongClickAction" name="longClickTest" time="18.378"/>
  <system-out/>
</testsuite> <!-- elementsActions.LongClickAction -->
