<?xml version="1.0" encoding="UTF-8"?>
<!-- Generated by org.testng.reporters.JUnitReportReporter -->
<testsuite hostname="DESKTOP-TL25OI3" failures="0" tests="1" name="session.NewUpdatedSession" time="11.328" errors="0" timestamp="2024-05-17T12:00:37 IST" skipped="0">
  <testcase classname="session.NewUpdatedSession" name="newSession" time="11.328"/>
  <system-out/>
</testsuite> <!-- session.NewUpdatedSession -->
