<?xml version="1.0" encoding="UTF-8"?>
<!-- Generated by org.testng.reporters.JUnitReportReporter -->
<testsuite hostname="DESKTOP-TL25OI3" failures="0" tests="2" name="elementsActions.SwipeAction" time="30.056" errors="0" timestamp="2024-11-07T12:48:26 IST" skipped="0">
  <testcase classname="elementsActions.SwipeAction" name="swipeTest2" time="16.034"/>
  <system-out/>
  <testcase classname="elementsActions.SwipeAction" name="swipeTest1" time="14.022"/>
  <system-out/>
</testsuite> <!-- elementsActions.SwipeAction -->
