<?xml version="1.0" encoding="UTF-8"?>
<!-- Generated by org.testng.reporters.JUnitReportReporter -->
<testsuite hostname="DESKTOP-TL25OI3" failures="0" tests="1" name="session.CreateFirstAppiumSession" time="13.666" errors="0" timestamp="2024-11-07T12:46:19 IST" skipped="0">
  <testcase classname="session.CreateFirstAppiumSession" name="sessionTest" time="13.666"/>
  <system-out/>
</testsuite> <!-- session.CreateFirstAppiumSession -->
