<?xml version="1.0" encoding="UTF-8"?>
<!-- Generated by org.testng.reporters.JUnitReportReporter -->
<testsuite hostname="DESKTOP-TL25OI3" failures="0" tests="1" name="newScenarios.AlertHandling" time="16.136" errors="0" timestamp="2024-05-19T16:00:30 IST" skipped="0">
  <testcase classname="newScenarios.AlertHandling" name="alertTest" time="16.136"/>
  <system-out/>
</testsuite> <!-- newScenarios.AlertHandling -->
