<?xml version="1.0" encoding="UTF-8"?>
<!-- Generated by org.testng.reporters.JUnitReportReporter -->
<testsuite hostname="DESKTOP-TL25OI3" failures="0" tests="1" name="elementsActions.DragNDropAction" time="21.073" errors="0" timestamp="2024-11-07T12:47:14 IST" skipped="0">
  <testcase classname="elementsActions.DragNDropAction" name="dragndropTest" time="21.073"/>
  <system-out/>
</testsuite> <!-- elementsActions.DragNDropAction -->
