<?xml version="1.0" encoding="UTF-8"?>
<!-- Generated by org.testng.reporters.JUnitReportReporter -->
<testsuite hostname="DESKTOP-TL25OI3" failures="0" tests="1" name="newScenarios.NotificationTest" time="8.104" errors="0" timestamp="2024-05-19T12:25:45 IST" skipped="0">
  <testcase classname="newScenarios.NotificationTest" name="notificationTest" time="8.104"/>
  <system-out/>
</testsuite> <!-- newScenarios.NotificationTest -->
