<?xml version="1.0" encoding="UTF-8"?>
<!-- Generated by org.testng.reporters.JUnitReportReporter -->
<testsuite hostname="DESKTOP-TL25OI3" failures="0" tests="1" name="newScenarios.ToggleNetworkSetting" time="18.900" errors="0" timestamp="2024-11-07T10:23:16 IST" skipped="0">
  <testcase classname="newScenarios.ToggleNetworkSetting" name="toggleTest" time="18.900"/>
  <system-out/>
</testsuite> <!-- newScenarios.ToggleNetworkSetting -->
