<?xml version="1.0" encoding="UTF-8"?>
<!-- Generated by org.testng.reporters.JUnitReportReporter -->
<testsuite hostname="DESKTOP-TL25OI3" failures="0" tests="1" name="newScenarios.KeyboardKeyPress" time="27.813" errors="0" timestamp="2024-11-06T14:48:51 IST" skipped="0">
  <testcase classname="newScenarios.KeyboardKeyPress" name="textTypeText" time="27.813"/>
  <system-out/>
</testsuite> <!-- newScenarios.KeyboardKeyPress -->
