<?xml version="1.0" encoding="UTF-8"?>
<!-- Generated by org.testng.reporters.JUnitReportReporter -->
<testsuite hostname="DESKTOP-TL25OI3" failures="0" tests="1" name="newScenarios.Lock_Unlock_Rotate" time="16.664" errors="0" timestamp="2024-10-27T22:04:16 IST" skipped="0">
  <testcase classname="newScenarios.Lock_Unlock_Rotate" name="testDevice_lock_unlock_rotate" time="16.664"/>
  <system-out/>
</testsuite> <!-- newScenarios.Lock_Unlock_Rotate -->
