<?xml version="1.0" encoding="UTF-8"?>
<!-- Generated by org.testng.reporters.JUnitReportReporter -->
<testsuite hostname="DESKTOP-TL25OI3" failures="0" tests="1" name="newScenarios.PerformanceData" time="16.971" errors="0" timestamp="2024-11-07T10:24:21 IST" skipped="0">
  <testcase classname="newScenarios.PerformanceData" name="getperformanceData" time="16.971"/>
  <system-out/>
</testsuite> <!-- newScenarios.PerformanceData -->
