<?xml version="1.0" encoding="UTF-8"?>
<!-- Generated by org.testng.reporters.JUnitReportReporter -->
<testsuite hostname="DESKTOP-TL25OI3" failures="0" tests="1" name="elementsActions.ScrollActions" time="15.332" errors="0" timestamp="2024-05-16T21:58:37 IST" skipped="0">
  <testcase classname="elementsActions.ScrollActions" name="scrollTest" time="15.332"/>
  <system-out/>
</testsuite> <!-- elementsActions.ScrollActions -->
