<?xml version="1.0" encoding="UTF-8"?>
<!-- Generated by org.testng.reporters.JUnitReportReporter -->
<testsuite hostname="DESKTOP-TL25OI3" failures="0" tests="1" name="newScenarios.WorkingWithApp" time="15.617" errors="0" timestamp="2024-05-17T13:43:29 IST" skipped="0">
  <testcase classname="newScenarios.WorkingWithApp" name="apppTest" time="15.617"/>
  <system-out/>
</testsuite> <!-- newScenarios.WorkingWithApp -->
